{"E:\\Desenvolvimento\\Repositorios\\6a_Semana_JS_Expert(Erick Wendel)\\server\\config.js": {"path":"E:\\Desenvolvimento\\Repositorios\\6a_Semana_JS_Expert(Erick Wendel)\\server\\config.js","statementMap":{"0":{"start":{"line":4,"column":19},"end":{"line":4,"column":58}},"1":{"start":{"line":5,"column":13},"end":{"line":5,"column":36}},"2":{"start":{"line":6,"column":23},"end":{"line":6,"column":42}},"3":{"start":{"line":7,"column":24},"end":{"line":7,"column":44}}},"fnMap":{},"branchMap":{"0":{"loc":{"start":{"line":10,"column":10},"end":{"line":10,"column":34}},"type":"binary-expr","locations":[{"start":{"line":10,"column":10},"end":{"line":10,"column":26}},{"start":{"line":10,"column":30},"end":{"line":10,"column":34}}],"line":10}},"s":{"0":2,"1":2,"2":2,"3":2},"f":{},"b":{"0":[2,2]},"_coverageSchema":"1a1c01bbd47fc00a2c39e90264f33305004495a9","hash":"39aa665740a8561960f3ef93b7aad8237dfbaee6"}
,"E:\\Desenvolvimento\\Repositorios\\6a_Semana_JS_Expert(Erick Wendel)\\server\\controller.js": {"path":"E:\\Desenvolvimento\\Repositorios\\6a_Semana_JS_Expert(Erick Wendel)\\server\\controller.js","statementMap":{"0":{"start":{"line":5,"column":8},"end":{"line":5,"column":37}},"1":{"start":{"line":8,"column":8},"end":{"line":8,"column":52}}},"fnMap":{"0":{"name":"(anonymous_0)","decl":{"start":{"line":4,"column":4},"end":{"line":4,"column":5}},"loc":{"start":{"line":4,"column":18},"end":{"line":6,"column":5}},"line":4},"1":{"name":"(anonymous_1)","decl":{"start":{"line":7,"column":4},"end":{"line":7,"column":5}},"loc":{"start":{"line":7,"column":34},"end":{"line":9,"column":5}},"line":7}},"branchMap":{},"s":{"0":1,"1":0},"f":{"0":1,"1":0},"b":{},"_coverageSchema":"1a1c01bbd47fc00a2c39e90264f33305004495a9","hash":"f91251b18845ca8005fb320f3d15fdd7a1574123"}
,"E:\\Desenvolvimento\\Repositorios\\6a_Semana_JS_Expert(Erick Wendel)\\server\\routes.js": {"path":"E:\\Desenvolvimento\\Repositorios\\6a_Semana_JS_Expert(Erick Wendel)\\server\\routes.js","statementMap":{"0":{"start":{"line":9,"column":4},"end":{"line":9,"column":10}},"1":{"start":{"line":10,"column":19},"end":{"line":10,"column":35}},"2":{"start":{"line":13,"column":28},"end":{"line":13,"column":35}},"3":{"start":{"line":15,"column":4},"end":{"line":21,"column":5}},"4":{"start":{"line":16,"column":8},"end":{"line":18,"column":11}},"5":{"start":{"line":20,"column":8},"end":{"line":20,"column":30}},"6":{"start":{"line":23,"column":4},"end":{"line":27,"column":5}},"7":{"start":{"line":24,"column":27},"end":{"line":24,"column":67}},"8":{"start":{"line":26,"column":8},"end":{"line":26,"column":37}},"9":{"start":{"line":29,"column":4},"end":{"line":33,"column":5}},"10":{"start":{"line":30,"column":27},"end":{"line":30,"column":73}},"11":{"start":{"line":32,"column":8},"end":{"line":32,"column":37}},"12":{"start":{"line":36,"column":4},"end":{"line":46,"column":5}},"13":{"start":{"line":37,"column":33},"end":{"line":37,"column":68}},"14":{"start":{"line":38,"column":29},"end":{"line":38,"column":47}},"15":{"start":{"line":39,"column":8},"end":{"line":43,"column":9}},"16":{"start":{"line":40,"column":12},"end":{"line":42,"column":15}},"17":{"start":{"line":45,"column":8},"end":{"line":45,"column":37}},"18":{"start":{"line":48,"column":4},"end":{"line":48,"column":28}},"19":{"start":{"line":49,"column":4},"end":{"line":49,"column":26}},"20":{"start":{"line":53,"column":4},"end":{"line":58,"column":5}},"21":{"start":{"line":54,"column":8},"end":{"line":54,"column":54}},"22":{"start":{"line":56,"column":8},"end":{"line":56,"column":32}},"23":{"start":{"line":57,"column":8},"end":{"line":57,"column":30}},"24":{"start":{"line":60,"column":4},"end":{"line":60,"column":55}},"25":{"start":{"line":61,"column":4},"end":{"line":61,"column":28}},"26":{"start":{"line":62,"column":4},"end":{"line":62,"column":26}},"27":{"start":{"line":66,"column":4},"end":{"line":68,"column":6}},"28":{"start":{"line":67,"column":8},"end":{"line":67,"column":36}}},"fnMap":{"0":{"name":"routes","decl":{"start":{"line":12,"column":15},"end":{"line":12,"column":21}},"loc":{"start":{"line":12,"column":41},"end":{"line":50,"column":1}},"line":12},"1":{"name":"handleError","decl":{"start":{"line":52,"column":9},"end":{"line":52,"column":20}},"loc":{"start":{"line":52,"column":38},"end":{"line":63,"column":1}},"line":52},"2":{"name":"handler","decl":{"start":{"line":65,"column":16},"end":{"line":65,"column":23}},"loc":{"start":{"line":65,"column":43},"end":{"line":69,"column":1}},"line":65},"3":{"name":"(anonymous_3)","decl":{"start":{"line":66,"column":43},"end":{"line":66,"column":44}},"loc":{"start":{"line":67,"column":8},"end":{"line":67,"column":36}},"line":67}},"branchMap":{"0":{"loc":{"start":{"line":15,"column":4},"end":{"line":21,"column":5}},"type":"if","locations":[{"start":{"line":15,"column":4},"end":{"line":21,"column":5}},{"start":{},"end":{}}],"line":15},"1":{"loc":{"start":{"line":15,"column":8},"end":{"line":15,"column":39}},"type":"binary-expr","locations":[{"start":{"line":15,"column":8},"end":{"line":15,"column":24}},{"start":{"line":15,"column":28},"end":{"line":15,"column":39}}],"line":15},"2":{"loc":{"start":{"line":23,"column":4},"end":{"line":27,"column":5}},"type":"if","locations":[{"start":{"line":23,"column":4},"end":{"line":27,"column":5}},{"start":{},"end":{}}],"line":23},"3":{"loc":{"start":{"line":23,"column":8},"end":{"line":23,"column":43}},"type":"binary-expr","locations":[{"start":{"line":23,"column":8},"end":{"line":23,"column":24}},{"start":{"line":23,"column":28},"end":{"line":23,"column":43}}],"line":23},"4":{"loc":{"start":{"line":29,"column":4},"end":{"line":33,"column":5}},"type":"if","locations":[{"start":{"line":29,"column":4},"end":{"line":33,"column":5}},{"start":{},"end":{}}],"line":29},"5":{"loc":{"start":{"line":29,"column":8},"end":{"line":29,"column":49}},"type":"binary-expr","locations":[{"start":{"line":29,"column":8},"end":{"line":29,"column":24}},{"start":{"line":29,"column":28},"end":{"line":29,"column":49}}],"line":29},"6":{"loc":{"start":{"line":36,"column":4},"end":{"line":46,"column":5}},"type":"if","locations":[{"start":{"line":36,"column":4},"end":{"line":46,"column":5}},{"start":{},"end":{}}],"line":36},"7":{"loc":{"start":{"line":39,"column":8},"end":{"line":43,"column":9}},"type":"if","locations":[{"start":{"line":39,"column":8},"end":{"line":43,"column":9}},{"start":{},"end":{}}],"line":39},"8":{"loc":{"start":{"line":53,"column":4},"end":{"line":58,"column":5}},"type":"if","locations":[{"start":{"line":53,"column":4},"end":{"line":58,"column":5}},{"start":{},"end":{}}],"line":53}},"s":{"0":1,"1":1,"2":8,"3":8,"4":1,"5":1,"6":7,"7":1,"8":1,"9":6,"10":1,"11":1,"12":5,"13":4,"14":2,"15":2,"16":1,"17":2,"18":1,"19":1,"20":2,"21":1,"22":1,"23":1,"24":1,"25":1,"26":1,"27":8,"28":2},"f":{"0":8,"1":2,"2":8,"3":2},"b":{"0":[1,7],"1":[8,7],"2":[1,6],"3":[7,6],"4":[1,5],"5":[6,5],"6":[4,1],"7":[1,1],"8":[1,1]},"_coverageSchema":"1a1c01bbd47fc00a2c39e90264f33305004495a9","hash":"b35de4c538dc2e2525995201f7d7ab45385d4342"}
,"E:\\Desenvolvimento\\Repositorios\\6a_Semana_JS_Expert(Erick Wendel)\\server\\service.js": {"path":"E:\\Desenvolvimento\\Repositorios\\6a_Semana_JS_Expert(Erick Wendel)\\server\\service.js","statementMap":{"0":{"start":{"line":9,"column":4},"end":{"line":9,"column":10}},"1":{"start":{"line":13,"column":8},"end":{"line":13,"column":45}},"2":{"start":{"line":18,"column":29},"end":{"line":18,"column":56}},"3":{"start":{"line":20,"column":8},"end":{"line":20,"column":46}},"4":{"start":{"line":21,"column":25},"end":{"line":21,"column":46}},"5":{"start":{"line":23,"column":8},"end":{"line":26,"column":10}},"6":{"start":{"line":30,"column":31},"end":{"line":30,"column":59}},"7":{"start":{"line":31,"column":8},"end":{"line":34,"column":10}}},"fnMap":{"0":{"name":"(anonymous_0)","decl":{"start":{"line":12,"column":4},"end":{"line":12,"column":5}},"loc":{"start":{"line":12,"column":31},"end":{"line":14,"column":5}},"line":12},"1":{"name":"(anonymous_1)","decl":{"start":{"line":16,"column":4},"end":{"line":16,"column":5}},"loc":{"start":{"line":16,"column":28},"end":{"line":27,"column":5}},"line":16},"2":{"name":"(anonymous_2)","decl":{"start":{"line":29,"column":4},"end":{"line":29,"column":5}},"loc":{"start":{"line":29,"column":30},"end":{"line":35,"column":5}},"line":29}},"branchMap":{},"s":{"0":1,"1":0,"2":0,"3":0,"4":0,"5":0,"6":0,"7":0},"f":{"0":0,"1":0,"2":0},"b":{},"_coverageSchema":"1a1c01bbd47fc00a2c39e90264f33305004495a9","hash":"27b7f28183831db062389dd3af70c7e68161f020"}
,"E:\\Desenvolvimento\\Repositorios\\6a_Semana_JS_Expert(Erick Wendel)\\server\\util.js": {"path":"E:\\Desenvolvimento\\Repositorios\\6a_Semana_JS_Expert(Erick Wendel)\\server\\util.js","statementMap":{"0":{"start":{"line":3,"column":12},"end":{"line":11,"column":2}},"1":{"start":{"line":13,"column":22},"end":{"line":13,"column":25}}},"fnMap":{},"branchMap":{},"s":{"0":1,"1":1},"f":{},"b":{},"_coverageSchema":"1a1c01bbd47fc00a2c39e90264f33305004495a9","hash":"8a20ea986c28632502d80e73db0cfa32fc38fbff"}
,"E:\\Desenvolvimento\\Repositorios\\6a_Semana_JS_Expert(Erick Wendel)\\tests\\unit\\_util\\testUtil.js": {"path":"E:\\Desenvolvimento\\Repositorios\\6a_Semana_JS_Expert(Erick Wendel)\\tests\\unit\\_util\\testUtil.js","statementMap":{"0":{"start":{"line":6,"column":8},"end":{"line":14,"column":11}},"1":{"start":{"line":8,"column":16},"end":{"line":10,"column":17}},"2":{"start":{"line":9,"column":20},"end":{"line":9,"column":36}},"3":{"start":{"line":12,"column":16},"end":{"line":12,"column":32}},"4":{"start":{"line":18,"column":8},"end":{"line":24,"column":11}},"5":{"start":{"line":20,"column":16},"end":{"line":20,"column":30}},"6":{"start":{"line":22,"column":16},"end":{"line":22,"column":32}},"7":{"start":{"line":28,"column":30},"end":{"line":30,"column":10}},"8":{"start":{"line":31,"column":25},"end":{"line":31,"column":66}},"9":{"start":{"line":32,"column":21},"end":{"line":42,"column":9}},"10":{"start":{"line":44,"column":8},"end":{"line":47,"column":9}},"11":{"start":{"line":45,"column":26},"end":{"line":45,"column":45}}},"fnMap":{"0":{"name":"(anonymous_0)","decl":{"start":{"line":5,"column":4},"end":{"line":5,"column":5}},"loc":{"start":{"line":5,"column":40},"end":{"line":15,"column":5}},"line":5},"1":{"name":"(anonymous_1)","decl":{"start":{"line":7,"column":12},"end":{"line":7,"column":13}},"loc":{"start":{"line":7,"column":19},"end":{"line":13,"column":13}},"line":7},"2":{"name":"(anonymous_2)","decl":{"start":{"line":17,"column":4},"end":{"line":17,"column":5}},"loc":{"start":{"line":17,"column":42},"end":{"line":25,"column":5}},"line":17},"3":{"name":"(anonymous_3)","decl":{"start":{"line":19,"column":12},"end":{"line":19,"column":13}},"loc":{"start":{"line":19,"column":34},"end":{"line":23,"column":13}},"line":19},"4":{"name":"(anonymous_4)","decl":{"start":{"line":27,"column":4},"end":{"line":27,"column":5}},"loc":{"start":{"line":27,"column":33},"end":{"line":48,"column":5}},"line":27},"5":{"name":"(anonymous_5)","decl":{"start":{"line":31,"column":57},"end":{"line":31,"column":58}},"loc":{"start":{"line":31,"column":63},"end":{"line":31,"column":65}},"line":31},"6":{"name":"(anonymous_6)","decl":{"start":{"line":45,"column":20},"end":{"line":45,"column":21}},"loc":{"start":{"line":45,"column":26},"end":{"line":45,"column":45}},"line":45}},"branchMap":{},"s":{"0":12,"1":0,"2":0,"3":0,"4":8,"5":0,"6":0,"7":8,"8":8,"9":8,"10":8,"11":8},"f":{"0":12,"1":0,"2":8,"3":0,"4":8,"5":0,"6":8},"b":{},"_coverageSchema":"1a1c01bbd47fc00a2c39e90264f33305004495a9","hash":"32b0659c69ad8221c330b46efb296ac632cf2416"}
}
