TN:
SF:server\config.js
FNF:0
FNH:0
DA:4,2
DA:5,2
DA:6,2
DA:7,2
LF:4
LH:4
BRDA:10,0,0,2
BRDA:10,0,1,2
BRF:2
BRH:2
end_of_record
TN:
SF:server\controller.js
FN:4,(anonymous_0)
FN:7,(anonymous_1)
FNF:2
FNH:1
FNDA:1,(anonymous_0)
FNDA:0,(anonymous_1)
DA:5,1
DA:8,0
LF:2
LH:1
BRF:0
BRH:0
end_of_record
TN:
SF:server\routes.js
FN:12,routes
FN:52,handleError
FN:65,handler
FN:66,(anonymous_3)
FNF:4
FNH:4
FNDA:8,routes
FNDA:2,handleError
FNDA:8,handler
FNDA:2,(anonymous_3)
DA:9,1
DA:10,1
DA:13,8
DA:15,8
DA:16,1
DA:20,1
DA:23,7
DA:24,1
DA:26,1
DA:29,6
DA:30,1
DA:32,1
DA:36,5
DA:37,4
DA:38,2
DA:39,2
DA:40,1
DA:45,2
DA:48,1
DA:49,1
DA:53,2
DA:54,1
DA:56,1
DA:57,1
DA:60,1
DA:61,1
DA:62,1
DA:66,8
DA:67,2
LF:29
LH:29
BRDA:15,0,0,1
BRDA:15,0,1,7
BRDA:15,1,0,8
BRDA:15,1,1,7
BRDA:23,2,0,1
BRDA:23,2,1,6
BRDA:23,3,0,7
BRDA:23,3,1,6
BRDA:29,4,0,1
BRDA:29,4,1,5
BRDA:29,5,0,6
BRDA:29,5,1,5
BRDA:36,6,0,4
BRDA:36,6,1,1
BRDA:39,7,0,1
BRDA:39,7,1,1
BRDA:53,8,0,1
BRDA:53,8,1,1
BRF:18
BRH:18
end_of_record
TN:
SF:server\service.js
FN:12,(anonymous_0)
FN:16,(anonymous_1)
FN:29,(anonymous_2)
FNF:3
FNH:0
FNDA:0,(anonymous_0)
FNDA:0,(anonymous_1)
FNDA:0,(anonymous_2)
DA:9,1
DA:13,0
DA:18,0
DA:20,0
DA:21,0
DA:23,0
DA:30,0
DA:31,0
LF:8
LH:1
BRF:0
BRH:0
end_of_record
TN:
SF:server\util.js
FNF:0
FNH:0
DA:3,1
DA:13,1
LF:2
LH:2
BRF:0
BRH:0
end_of_record
TN:
SF:tests\unit\_util\testUtil.js
FN:5,(anonymous_0)
FN:7,(anonymous_1)
FN:17,(anonymous_2)
FN:19,(anonymous_3)
FN:27,(anonymous_4)
FN:31,(anonymous_5)
FN:45,(anonymous_6)
FNF:7
FNH:4
FNDA:12,(anonymous_0)
FNDA:0,(anonymous_1)
FNDA:8,(anonymous_2)
FNDA:0,(anonymous_3)
FNDA:8,(anonymous_4)
FNDA:0,(anonymous_5)
FNDA:8,(anonymous_6)
DA:6,12
DA:8,0
DA:9,0
DA:12,0
DA:18,8
DA:20,0
DA:22,0
DA:28,8
DA:31,8
DA:32,8
DA:44,8
DA:45,8
LF:12
LH:7
BRF:0
BRH:0
end_of_record
